*** Starting uWSGI 2.0.18 (64bit) on [Sun Jan 19 10:44:14 2020] ***
compiled with version: 7.4.0 on 19 January 2020 00:15:11
os: Linux-4.15.0-54-generic #58-Ubuntu SMP Mon Jun 24 10:55:24 UTC 2019
nodename: VM-0-14-ubuntu
machine: x86_64
clock source: unix
detected number of CPU cores: 1
current working directory: /home/Python/mysite
detected binary path: /usr/local/bin/uwsgi
!!! no internal routing support, rebuild with pcre support !!!
uWSGI running as root, you can use --uid/--gid/--chroot options
*** WARNING: you are running uWSGI as root !!! (use the --uid flag) *** 
chdir() to /home/Python/mysite
*** WARNING: you are running uWSGI without its master process manager ***
your processes number limit is 7079
your memory page size is 4096 bytes
detected max file descriptor number: 1024
lock engine: pthread robust mutexes
thunder lock: disabled (you can enable it with --thunder-lock)
uwsgi socket 0 bound to TCP address :8077 fd 3
uWSGI running as root, you can use --uid/--gid/--chroot options
*** WARNING: you are running uWSGI as root !!! (use the --uid flag) *** 
Python version: 3.6.9 (default, Nov  7 2019, 10:44:02)  [GCC 8.3.0]
*** Python threads support is disabled. You can enable it with --enable-threads ***
Python main interpreter initialized at 0x55ac5a104b30
uWSGI running as root, you can use --uid/--gid/--chroot options
*** WARNING: you are running uWSGI as root !!! (use the --uid flag) *** 
your server socket listen backlog is limited to 100 connections
your mercy for graceful operations on workers is 60 seconds
mapped 291616 bytes (284 KB) for 4 cores
*** Operational MODE: preforking ***
unable to load app 0 (mountpoint='') (callable not found or import error)
*** no app loaded. going in full dynamic mode ***
uWSGI running as root, you can use --uid/--gid/--chroot options
*** WARNING: you are running uWSGI as root !!! (use the --uid flag) *** 
*** uWSGI is running in multiple interpreter mode ***
spawned uWSGI worker 1 (pid: 19948, cores: 1)
spawned uWSGI worker 2 (pid: 19949, cores: 1)
spawned uWSGI worker 3 (pid: 19950, cores: 1)
spawned uWSGI worker 4 (pid: 19951, cores: 1)
invalid request block size: 21573 (max 4096)...skip
invalid request block size: 21573 (max 4096)...skip
*** Starting uWSGI 2.0.18 (64bit) on [Sun Jan 19 10:47:07 2020] ***
compiled with version: 7.4.0 on 19 January 2020 00:15:11
os: Linux-4.15.0-54-generic #58-Ubuntu SMP Mon Jun 24 10:55:24 UTC 2019
nodename: VM-0-14-ubuntu
machine: x86_64
clock source: unix
detected number of CPU cores: 1
current working directory: /home/Python/mysite
detected binary path: /usr/local/bin/uwsgi
!!! no internal routing support, rebuild with pcre support !!!
uWSGI running as root, you can use --uid/--gid/--chroot options
*** WARNING: you are running uWSGI as root !!! (use the --uid flag) *** 
chdir() to /home/Python/mysite
*** WARNING: you are running uWSGI without its master process manager ***
your processes number limit is 7079
your memory page size is 4096 bytes
detected max file descriptor number: 1024
lock engine: pthread robust mutexes
thunder lock: disabled (you can enable it with --thunder-lock)
probably another instance of uWSGI is running on the same address (:8888).
bind(): Address already in use [core/socket.c line 769]
*** Starting uWSGI 2.0.18 (64bit) on [Sun Jan 19 10:49:36 2020] ***
compiled with version: 7.4.0 on 19 January 2020 00:15:11
os: Linux-4.15.0-54-generic #58-Ubuntu SMP Mon Jun 24 10:55:24 UTC 2019
nodename: VM-0-14-ubuntu
machine: x86_64
clock source: unix
detected number of CPU cores: 1
current working directory: /home/Python/mysite
detected binary path: /usr/local/bin/uwsgi
!!! no internal routing support, rebuild with pcre support !!!
uWSGI running as root, you can use --uid/--gid/--chroot options
*** WARNING: you are running uWSGI as root !!! (use the --uid flag) *** 
chdir() to /home/Python/mysite
*** WARNING: you are running uWSGI without its master process manager ***
your processes number limit is 7079
your memory page size is 4096 bytes
detected max file descriptor number: 1024
lock engine: pthread robust mutexes
thunder lock: disabled (you can enable it with --thunder-lock)
uwsgi socket 0 bound to TCP address :8888 fd 3
uWSGI running as root, you can use --uid/--gid/--chroot options
*** WARNING: you are running uWSGI as root !!! (use the --uid flag) *** 
Python version: 3.6.9 (default, Nov  7 2019, 10:44:02)  [GCC 8.3.0]
*** Python threads support is disabled. You can enable it with --enable-threads ***
Python main interpreter initialized at 0x5634fe9a2b30
uWSGI running as root, you can use --uid/--gid/--chroot options
*** WARNING: you are running uWSGI as root !!! (use the --uid flag) *** 
your server socket listen backlog is limited to 100 connections
your mercy for graceful operations on workers is 60 seconds
mapped 291616 bytes (284 KB) for 4 cores
*** Operational MODE: preforking ***
unable to load app 0 (mountpoint='') (callable not found or import error)
*** no app loaded. going in full dynamic mode ***
uWSGI running as root, you can use --uid/--gid/--chroot options
*** WARNING: you are running uWSGI as root !!! (use the --uid flag) *** 
*** uWSGI is running in multiple interpreter mode ***
spawned uWSGI worker 1 (pid: 20648, cores: 1)
spawned uWSGI worker 2 (pid: 20649, cores: 1)
spawned uWSGI worker 3 (pid: 20650, cores: 1)
spawned uWSGI worker 4 (pid: 20651, cores: 1)
invalid request block size: 21573 (max 4096)...skip
invalid request block size: 21573 (max 4096)...skip
invalid request block size: 21573 (max 4096)...skip
invalid request block size: 21573 (max 4096)...skip
invalid request block size: 21573 (max 4096)...skip
invalid request block size: 21573 (max 4096)...skip
invalid request block size: 21573 (max 4096)...skip
invalid request block size: 21573 (max 4096)...skip
invalid request block size: 21573 (max 4096)...skip
invalid request block size: 21573 (max 4096)...skip
invalid request block size: 21573 (max 4096)...skip
invalid request block size: 21573 (max 4096)...skip
invalid request block size: 21573 (max 4096)...skip
invalid request block size: 21573 (max 4096)...skip
invalid request block size: 21573 (max 4096)...skip
invalid request block size: 21573 (max 4096)...skip
invalid request block size: 21573 (max 4096)...skip
invalid request block size: 21573 (max 4096)...skip
invalid request block size: 21573 (max 4096)...skip
invalid request block size: 21573 (max 4096)...skip
invalid request block size: 21573 (max 4096)...skip
invalid request block size: 21573 (max 4096)...skip
invalid request block size: 21573 (max 4096)...skip
invalid request block size: 21573 (max 4096)...skip
invalid request block size: 21573 (max 4096)...skip
invalid request block size: 21573 (max 4096)...skip
invalid request block size: 21573 (max 4096)...skip
invalid request block size: 21573 (max 4096)...skip
invalid request block size: 21573 (max 4096)...skip
invalid request block size: 21573 (max 4096)...skip
*** Starting uWSGI 2.0.18 (64bit) on [Sun Jan 19 10:55:38 2020] ***
compiled with version: 7.4.0 on 19 January 2020 00:15:11
os: Linux-4.15.0-54-generic #58-Ubuntu SMP Mon Jun 24 10:55:24 UTC 2019
nodename: VM-0-14-ubuntu
machine: x86_64
clock source: unix
detected number of CPU cores: 1
current working directory: /home/Python/mysite
detected binary path: /usr/local/bin/uwsgi
!!! no internal routing support, rebuild with pcre support !!!
uWSGI running as root, you can use --uid/--gid/--chroot options
*** WARNING: you are running uWSGI as root !!! (use the --uid flag) *** 
chdir() to /home/Python/mysite
*** WARNING: you are running uWSGI without its master process manager ***
your processes number limit is 7079
your memory page size is 4096 bytes
detected max file descriptor number: 1024
lock engine: pthread robust mutexes
thunder lock: disabled (you can enable it with --thunder-lock)
probably another instance of uWSGI is running on the same address (:8888).
bind(): Address already in use [core/socket.c line 769]
invalid request block size: 21573 (max 4096)...skip
invalid request block size: 21573 (max 4096)...skip
invalid request block size: 21573 (max 4096)...skip
invalid request block size: 21573 (max 4096)...skip
invalid request block size: 21573 (max 4096)...skip
invalid request block size: 21573 (max 4096)...skip
invalid request block size: 21573 (max 4096)...skip
invalid request block size: 21573 (max 4096)...skip
invalid request block size: 21573 (max 4096)...skip
invalid request block size: 21573 (max 4096)...skip
invalid request block size: 21573 (max 4096)...skip
invalid request block size: 21573 (max 4096)...skip
invalid request block size: 21573 (max 4096)...skip
invalid request block size: 21573 (max 4096)...skip
invalid request block size: 21573 (max 4096)...skip
*** Starting uWSGI 2.0.18 (64bit) on [Sun Jan 19 10:57:53 2020] ***
compiled with version: 7.4.0 on 19 January 2020 00:15:11
os: Linux-4.15.0-54-generic #58-Ubuntu SMP Mon Jun 24 10:55:24 UTC 2019
nodename: VM-0-14-ubuntu
machine: x86_64
clock source: unix
detected number of CPU cores: 1
current working directory: /home/Python/mysite
detected binary path: /usr/local/bin/uwsgi
!!! no internal routing support, rebuild with pcre support !!!
uWSGI running as root, you can use --uid/--gid/--chroot options
*** WARNING: you are running uWSGI as root !!! (use the --uid flag) *** 
chdir() to /home/Python/mysite
*** WARNING: you are running uWSGI without its master process manager ***
your processes number limit is 7079
your memory page size is 4096 bytes
detected max file descriptor number: 1024
lock engine: pthread robust mutexes
thunder lock: disabled (you can enable it with --thunder-lock)
probably another instance of uWSGI is running on the same address (:8888).
bind(): Address already in use [core/socket.c line 769]
invalid request block size: 21573 (max 4096)...skip
invalid request block size: 21573 (max 4096)...skip
invalid request block size: 21573 (max 4096)...skip
invalid request block size: 21573 (max 4096)...skip
invalid request block size: 21573 (max 4096)...skip
invalid request block size: 21573 (max 4096)...skip
invalid request block size: 21573 (max 4096)...skip
invalid request block size: 16709 (max 4096)...skip
invalid request block size: 16709 (max 4096)...skip
invalid request block size: 21573 (max 4096)...skip
invalid request block size: 21327 (max 4096)...skip
invalid request block size: 20047 (max 4096)...skip
-- unavailable modifier requested: 4 --
invalid request block size: 16709 (max 4096)...skip
invalid request block size: 20047 (max 4096)...skip
invalid request block size: 21327 (max 4096)...skip
invalid request block size: 20047 (max 4096)...skip
-- unavailable modifier requested: 4 --
invalid request block size: 21573 (max 4096)...skip
invalid request block size: 21573 (max 4096)...skip
invalid request block size: 21573 (max 4096)...skip
invalid request block size: 21327 (max 4096)...skip
invalid request block size: 20047 (max 4096)...skip
-- unavailable modifier requested: 4 --
invalid request block size: 16709 (max 4096)...skip
invalid request block size: 21327 (max 4096)...skip
invalid request block size: 20047 (max 4096)...skip
-- unavailable modifier requested: 4 --
invalid request block size: 21573 (max 4096)...skip
invalid request block size: 21573 (max 4096)...skip
invalid request block size: 21573 (max 4096)...skip
invalid request block size: 21573 (max 4096)...skip
invalid request block size: 21327 (max 4096)...skip
invalid request block size: 20047 (max 4096)...skip
-- unavailable modifier requested: 4 --
-- unavailable modifier requested: 4 --
invalid request block size: 21573 (max 4096)...skip
-- unavailable modifier requested: 22 --
-- unavailable modifier requested: 22 --
uwsgi_proto_uwsgi_parser(): Resource temporarily unavailable [proto/uwsgi.c line 40]
uwsgi_proto_uwsgi_parser(): Resource temporarily unavailable [proto/uwsgi.c line 40]
invalid request block size: 21573 (max 4096)...skip
uwsgi_proto_uwsgi_parser(): Connection reset by peer [proto/uwsgi.c line 35]
invalid request block size: 11557 (max 4096)...skip
invalid request block size: 19794 (max 4096)...skip
invalid request block size: 21584 (max 4096)...skip
uwsgi_proto_uwsgi_parser(): Connection reset by peer [proto/uwsgi.c line 35]
-- unavailable modifier requested: 164 --
uwsgi_proto_uwsgi_parser(): Connection reset by peer [proto/uwsgi.c line 35]
Empty python request. skip.
[pid: 20651|app: -1|req: -1/10]  () {0 vars in 0 bytes} [Mon Jan 20 07:15:57 2020]   => generated 0 bytes in 0 msecs ( 0) 0 headers in 0 bytes (0 switches on core 0)
invalid request block size: 21330 (max 4096)...skip
Empty python request. skip.
[pid: 20650|app: -1|req: -1/11]  () {0 vars in 0 bytes} [Mon Jan 20 07:15:57 2020]   => generated 0 bytes in 0 msecs ( 0) 0 headers in 0 bytes (0 switches on core 0)
Empty python request. skip.
[pid: 20651|app: -1|req: -1/12]  () {0 vars in 0 bytes} [Mon Jan 20 07:15:57 2020]   => generated 0 bytes in 0 msecs ( 0) 0 headers in 0 bytes (0 switches on core 0)
Empty python request. skip.
[pid: 20650|app: -1|req: -1/13]  () {0 vars in 0 bytes} [Mon Jan 20 07:15:57 2020]   => generated 0 bytes in 0 msecs ( 0) 0 headers in 0 bytes (0 switches on core 0)
invalid request block size: 17156 (max 4096)...skip
invalid request block size: 20813 (max 4096)...skip
uwsgi_proto_uwsgi_parser(): Connection reset by peer [proto/uwsgi.c line 35]
invalid request block size: 30831 (max 4096)...skip
-- unavailable modifier requested: 204 --
invalid request block size: 24948 (max 4096)...skip
invalid request block size: 28530 (max 4096)...skip
-- unavailable modifier requested: 99 --
-- unavailable modifier requested: 3 --
-- unavailable modifier requested: 3 --
-- unavailable modifier requested: 3 --
-- unavailable modifier requested: 3 --
-- unavailable modifier requested: 3 --
-- unavailable modifier requested: 3 --
-- unavailable modifier requested: 3 --
invalid request block size: 17747 (max 4096)...skip
-- unavailable modifier requested: 1 --
-- unavailable modifier requested: 87 --
uwsgi_proto_uwsgi_parser(): Connection reset by peer [proto/uwsgi.c line 35]
-- unavailable modifier requested: 1 --
invalid request block size: 17998 (max 4096)...skip
uwsgi_proto_uwsgi_parser(): Connection reset by peer [proto/uwsgi.c line 35]
invalid request block size: 46270 (max 4096)...skip
invalid request block size: 25709 (max 4096)...skip
invalid request block size: 20041 (max 4096)...skip
-- unavailable modifier requested: 67 --
uwsgi_proto_uwsgi_parser(): Connection reset by peer [proto/uwsgi.c line 35]
invalid request block size: 30783 (max 4096)...skip
invalid request block size: 29296 (max 4096)...skip
invalid request block size: 21573 (max 4096)...skip
invalid request block size: 21573 (max 4096)...skip
invalid request block size: 21573 (max 4096)...skip
invalid request block size: 21327 (max 4096)...skip
invalid request block size: 20047 (max 4096)...skip
-- unavailable modifier requested: 4 --
invalid request block size: 21573 (max 4096)...skip
invalid request block size: 21573 (max 4096)...skip
invalid request block size: 21327 (max 4096)...skip
invalid request block size: 20047 (max 4096)...skip
-- unavailable modifier requested: 4 --
invalid request block size: 21327 (max 4096)...skip
invalid request block size: 20047 (max 4096)...skip
-- unavailable modifier requested: 4 --
invalid request block size: 16709 (max 4096)...skip
-- unavailable modifier requested: 3 --
invalid request block size: 21327 (max 4096)...skip
invalid request block size: 20047 (max 4096)...skip
-- unavailable modifier requested: 4 --
-- unavailable modifier requested: 3 --
uwsgi_proto_uwsgi_parser(): Connection reset by peer [proto/uwsgi.c line 40]
invalid request block size: 21573 (max 4096)...skip
-- unavailable modifier requested: 3 --
-- unavailable modifier requested: 3 --
invalid request block size: 21327 (max 4096)...skip
invalid request block size: 20047 (max 4096)...skip
-- unavailable modifier requested: 4 --
uwsgi_proto_uwsgi_parser(): Connection reset by peer [proto/uwsgi.c line 40]
invalid request block size: 16709 (max 4096)...skip
invalid request block size: 21573 (max 4096)...skip
invalid request block size: 21327 (max 4096)...skip
invalid request block size: 20047 (max 4096)...skip
-- unavailable modifier requested: 4 --
invalid request block size: 21573 (max 4096)...skip
invalid request block size: 21573 (max 4096)...skip
invalid request block size: 21573 (max 4096)...skip
invalid request block size: 21573 (max 4096)...skip
invalid request block size: 20047 (max 4096)...skip
invalid request block size: 21573 (max 4096)...skip
uwsgi_proto_uwsgi_parser(): Connection reset by peer [proto/uwsgi.c line 35]
invalid request block size: 20047 (max 4096)...skip
-- unavailable modifier requested: 4 --
invalid request block size: 21573 (max 4096)...skip
invalid request block size: 21573 (max 4096)...skip
invalid request block size: 21573 (max 4096)...skip
invalid request block size: 7937 (max 4096)...skip
invalid request block size: 21573 (max 4096)...skip
invalid request block size: 21573 (max 4096)...skip
invalid request block size: 21573 (max 4096)...skip
invalid request block size: 21327 (max 4096)...skip
invalid request block size: 20047 (max 4096)...skip
-- unavailable modifier requested: 4 --
invalid request block size: 21573 (max 4096)...skip
-- unavailable modifier requested: 3 --
invalid request block size: 21573 (max 4096)...skip
invalid request block size: 21573 (max 4096)...skip
uwsgi_proto_uwsgi_parser(): Resource temporarily unavailable [proto/uwsgi.c line 40]
invalid request block size: 21327 (max 4096)...skip
invalid request block size: 20047 (max 4096)...skip
-- unavailable modifier requested: 4 --
invalid request block size: 21573 (max 4096)...skip
invalid request block size: 21573 (max 4096)...skip
invalid request block size: 21327 (max 4096)...skip
invalid request block size: 20047 (max 4096)...skip
-- unavailable modifier requested: 4 --
uwsgi_proto_uwsgi_parser(): Resource temporarily unavailable [proto/uwsgi.c line 40]
-- unavailable modifier requested: 4 --
invalid request block size: 21573 (max 4096)...skip
invalid request block size: 16709 (max 4096)...skip
uwsgi_proto_uwsgi_parser(): Resource temporarily unavailable [proto/uwsgi.c line 40]
-- unavailable modifier requested: 3 --
invalid request block size: 21573 (max 4096)...skip
-- unavailable modifier requested: 22 --
invalid request block size: 26890 (max 4096)...skip
invalid request block size: 21327 (max 4096)...skip
invalid request block size: 20047 (max 4096)...skip
invalid request block size: 16709 (max 4096)...skip
-- unavailable modifier requested: 4 --
invalid request block size: 21573 (max 4096)...skip
invalid request block size: 21573 (max 4096)...skip
invalid request block size: 21573 (max 4096)...skip
invalid request block size: 20047 (max 4096)...skip
invalid request block size: 21327 (max 4096)...skip
invalid request block size: 20047 (max 4096)...skip
-- unavailable modifier requested: 4 --
invalid request block size: 21573 (max 4096)...skip
invalid request block size: 21327 (max 4096)...skip
invalid request block size: 20047 (max 4096)...skip
-- unavailable modifier requested: 4 --
uwsgi_proto_uwsgi_parser(): Resource temporarily unavailable [proto/uwsgi.c line 40]
uwsgi_proto_uwsgi_parser(): Resource temporarily unavailable [proto/uwsgi.c line 40]
invalid request block size: 21573 (max 4096)...skip
invalid request block size: 21573 (max 4096)...skip
invalid request block size: 21573 (max 4096)...skip
invalid request block size: 21573 (max 4096)...skip
invalid request block size: 21327 (max 4096)...skip
invalid request block size: 20047 (max 4096)...skip
-- unavailable modifier requested: 4 --
invalid request block size: 21573 (max 4096)...skip
uwsgi_proto_uwsgi_parser(): Resource temporarily unavailable [proto/uwsgi.c line 40]
invalid request block size: 21584 (max 4096)...skip
invalid request block size: 21584 (max 4096)...skip
-- unavailable modifier requested: 128 --
uwsgi_proto_uwsgi_parser(): Resource temporarily unavailable [proto/uwsgi.c line 40]
uwsgi_proto_uwsgi_parser(): Resource temporarily unavailable [proto/uwsgi.c line 40]
invalid request block size: 19525 (max 4096)...skip
-- unavailable modifier requested: 22 --
-- unavailable modifier requested: 3 --
-- unavailable modifier requested: 22 --
Empty python request. skip.
[pid: 20651|app: -1|req: -1/52]  () {0 vars in 0 bytes} [Wed Jan 22 14:49:05 2020]   => generated 0 bytes in 0 msecs ( 0) 0 headers in 0 bytes (0 switches on core 0)
Empty python request. skip.
[pid: 20650|app: -1|req: -1/53]  () {0 vars in 0 bytes} [Wed Jan 22 14:49:08 2020]   => generated 0 bytes in 0 msecs ( 0) 0 headers in 0 bytes (0 switches on core 0)
invalid request block size: 21573 (max 4096)...skip
invalid request block size: 25956 (max 4096)...skip
uwsgi_proto_uwsgi_parser(): Resource temporarily unavailable [proto/uwsgi.c line 40]
uwsgi_proto_uwsgi_parser(): Resource temporarily unavailable [proto/uwsgi.c line 40]
invalid request block size: 21584 (max 4096)...skip
invalid request block size: 19790 (max 4096)...skip
-- unavailable modifier requested: 3 --
invalid request block size: 25709 (max 4096)...skip
-- unavailable modifier requested: 58 --
invalid request block size: 19794 (max 4096)...skip
-- unavailable modifier requested: 1 --
invalid request block size: 21573 (max 4096)...skip
invalid request block size: 21584 (max 4096)...skip
invalid request block size: 21573 (max 4096)...skip
invalid request block size: 19794 (max 4096)...skip
uwsgi_proto_uwsgi_parser(): Connection reset by peer [proto/uwsgi.c line 35]
invalid request block size: 21584 (max 4096)...skip
-- unavailable modifier requested: 128 --
uwsgi_proto_uwsgi_parser(): Connection reset by peer [proto/uwsgi.c line 40]
uwsgi_proto_uwsgi_parser(): Resource temporarily unavailable [proto/uwsgi.c line 40]
invalid request block size: 19525 (max 4096)...skip
-- unavailable modifier requested: 22 --
-- unavailable modifier requested: 3 --
-- unavailable modifier requested: 22 --
Empty python request. skip.
[pid: 20651|app: -1|req: -1/61]  () {0 vars in 0 bytes} [Wed Jan 22 14:54:50 2020]   => generated 0 bytes in 0 msecs ( 0) 0 headers in 0 bytes (0 switches on core 0)
Empty python request. skip.
[pid: 20650|app: -1|req: -1/62]  () {0 vars in 0 bytes} [Wed Jan 22 14:54:51 2020]   => generated 0 bytes in 0 msecs ( 0) 0 headers in 0 bytes (0 switches on core 0)
invalid request block size: 21573 (max 4096)...skip
invalid request block size: 21327 (max 4096)...skip
invalid request block size: 20047 (max 4096)...skip
-- unavailable modifier requested: 4 --
invalid request block size: 16709 (max 4096)...skip
invalid request block size: 21573 (max 4096)...skip
invalid request block size: 21573 (max 4096)...skip
invalid request block size: 21327 (max 4096)...skip
invalid request block size: 20047 (max 4096)...skip
-- unavailable modifier requested: 4 --
-- unavailable modifier requested: 3 --
-- unavailable modifier requested: 3 --
-- unavailable modifier requested: 3 --
invalid request block size: 21327 (max 4096)...skip
invalid request block size: 20047 (max 4096)...skip
-- unavailable modifier requested: 4 --
invalid request block size: 20047 (max 4096)...skip
-- unavailable modifier requested: 4 --
invalid request block size: 21573 (max 4096)...skip
invalid request block size: 21573 (max 4096)...skip
invalid request block size: 21573 (max 4096)...skip
invalid request block size: 21327 (max 4096)...skip
invalid request block size: 20047 (max 4096)...skip
-- unavailable modifier requested: 4 --
invalid request block size: 21573 (max 4096)...skip
invalid request block size: 21573 (max 4096)...skip
invalid request block size: 21573 (max 4096)...skip
invalid request block size: 21573 (max 4096)...skip
invalid request block size: 21573 (max 4096)...skip
invalid request block size: 21327 (max 4096)...skip
invalid request block size: 20047 (max 4096)...skip
-- unavailable modifier requested: 4 --
invalid request block size: 21573 (max 4096)...skip
invalid request block size: 21573 (max 4096)...skip
invalid request block size: 21573 (max 4096)...skip
invalid request block size: 21327 (max 4096)...skip
invalid request block size: 20047 (max 4096)...skip
-- unavailable modifier requested: 4 --
uwsgi_proto_uwsgi_parser(): Resource temporarily unavailable [proto/uwsgi.c line 40]
invalid request block size: 16709 (max 4096)...skip
invalid request block size: 21573 (max 4096)...skip
invalid request block size: 21327 (max 4096)...skip
invalid request block size: 20047 (max 4096)...skip
-- unavailable modifier requested: 4 --
uwsgi_proto_uwsgi_parser(): Resource temporarily unavailable [proto/uwsgi.c line 40]
invalid request block size: 21573 (max 4096)...skip
invalid request block size: 21573 (max 4096)...skip
-- unavailable modifier requested: 3 --
invalid request block size: 20047 (max 4096)...skip
-- unavailable modifier requested: 3 --
-- unavailable modifier requested: 3 --
-- unavailable modifier requested: 3 --
invalid request block size: 21573 (max 4096)...skip
-- unavailable modifier requested: 3 --
-- unavailable modifier requested: 3 --
invalid request block size: 21327 (max 4096)...skip
invalid request block size: 20047 (max 4096)...skip
invalid request block size: 16709 (max 4096)...skip
-- unavailable modifier requested: 4 --
invalid request block size: 21573 (max 4096)...skip
-- unavailable modifier requested: 3 --
invalid request block size: 21573 (max 4096)...skip
invalid request block size: 21327 (max 4096)...skip
invalid request block size: 20047 (max 4096)...skip
-- unavailable modifier requested: 4 --
invalid request block size: 21573 (max 4096)...skip
invalid request block size: 21573 (max 4096)...skip
invalid request block size: 21327 (max 4096)...skip
invalid request block size: 20047 (max 4096)...skip
-- unavailable modifier requested: 4 --
invalid request block size: 16709 (max 4096)...skip
uwsgi_proto_uwsgi_parser(): Resource temporarily unavailable [proto/uwsgi.c line 40]
invalid request block size: 21573 (max 4096)...skip
invalid request block size: 21573 (max 4096)...skip
invalid request block size: 21573 (max 4096)...skip
invalid request block size: 21573 (max 4096)...skip
invalid request block size: 21573 (max 4096)...skip
invalid request block size: 21573 (max 4096)...skip
invalid request block size: 21573 (max 4096)...skip
invalid request block size: 21327 (max 4096)...skip
invalid request block size: 20047 (max 4096)...skip
-- unavailable modifier requested: 4 --
-- unavailable modifier requested: 3 --
invalid request block size: 21573 (max 4096)...skip
-- unavailable modifier requested: 3 --
invalid request block size: 20047 (max 4096)...skip
invalid request block size: 21573 (max 4096)...skip
invalid request block size: 21573 (max 4096)...skip
invalid request block size: 7937 (max 4096)...skip
-- unavailable modifier requested: 3 --
invalid request block size: 21573 (max 4096)...skip
invalid request block size: 21327 (max 4096)...skip
invalid request block size: 20047 (max 4096)...skip
-- unavailable modifier requested: 4 --
invalid request block size: 16709 (max 4096)...skip
invalid request block size: 21573 (max 4096)...skip
-- unavailable modifier requested: 3 --
invalid request block size: 21573 (max 4096)...skip
invalid request block size: 21327 (max 4096)...skip
invalid request block size: 20047 (max 4096)...skip
-- unavailable modifier requested: 4 --
invalid request block size: 21573 (max 4096)...skip
invalid request block size: 21327 (max 4096)...skip
invalid request block size: 20047 (max 4096)...skip
-- unavailable modifier requested: 4 --
uwsgi_proto_uwsgi_parser(): Resource temporarily unavailable [proto/uwsgi.c line 40]
invalid request block size: 16709 (max 4096)...skip
invalid request block size: 21573 (max 4096)...skip
invalid request block size: 21573 (max 4096)...skip
invalid request block size: 21573 (max 4096)...skip
invalid request block size: 21573 (max 4096)...skip
invalid request block size: 21573 (max 4096)...skip
invalid request block size: 21327 (max 4096)...skip
invalid request block size: 20047 (max 4096)...skip
-- unavailable modifier requested: 4 --
invalid request block size: 16709 (max 4096)...skip
invalid request block size: 21573 (max 4096)...skip
invalid request block size: 21573 (max 4096)...skip
invalid request block size: 21573 (max 4096)...skip
invalid request block size: 21573 (max 4096)...skip
invalid request block size: 21327 (max 4096)...skip
invalid request block size: 20047 (max 4096)...skip
-- unavailable modifier requested: 4 --
invalid request block size: 21573 (max 4096)...skip
uwsgi_proto_uwsgi_parser(): Resource temporarily unavailable [proto/uwsgi.c line 40]
invalid request block size: 21573 (max 4096)...skip
invalid request block size: 21573 (max 4096)...skip
-- unavailable modifier requested: 3 --
-- unavailable modifier requested: 22 --
-- unavailable modifier requested: 22 --
invalid request block size: 21573 (max 4096)...skip
invalid request block size: 21573 (max 4096)...skip
invalid request block size: 21327 (max 4096)...skip
invalid request block size: 20047 (max 4096)...skip
-- unavailable modifier requested: 4 --
invalid request block size: 20047 (max 4096)...skip
-- unavailable modifier requested: 3 --
invalid request block size: 16709 (max 4096)...skip
invalid request block size: 21573 (max 4096)...skip
invalid request block size: 21573 (max 4096)...skip
invalid request block size: 21573 (max 4096)...skip
invalid request block size: 20047 (max 4096)...skip
invalid request block size: 21573 (max 4096)...skip
invalid request block size: 21573 (max 4096)...skip
invalid request block size: 21573 (max 4096)...skip
invalid request block size: 21573 (max 4096)...skip
invalid request block size: 21573 (max 4096)...skip
invalid request block size: 21573 (max 4096)...skip
-- unavailable modifier requested: 3 --
-- unavailable modifier requested: 3 --
invalid request block size: 21573 (max 4096)...skip
invalid request block size: 21573 (max 4096)...skip
invalid request block size: 7937 (max 4096)...skip
invalid request block size: 21327 (max 4096)...skip
invalid request block size: 20047 (max 4096)...skip
-- unavailable modifier requested: 4 --
invalid request block size: 16709 (max 4096)...skip
invalid request block size: 21573 (max 4096)...skip
invalid request block size: 21327 (max 4096)...skip
invalid request block size: 20047 (max 4096)...skip
-- unavailable modifier requested: 4 --
invalid request block size: 16709 (max 4096)...skip
invalid request block size: 21573 (max 4096)...skip
invalid request block size: 27749 (max 4096)...skip
-- unavailable modifier requested: 3 --
invalid request block size: 21573 (max 4096)...skip
invalid request block size: 21573 (max 4096)...skip
invalid request block size: 21573 (max 4096)...skip
invalid request block size: 21327 (max 4096)...skip
invalid request block size: 20047 (max 4096)...skip
-- unavailable modifier requested: 4 --
invalid request block size: 21573 (max 4096)...skip
invalid request block size: 21573 (max 4096)...skip
invalid request block size: 21573 (max 4096)...skip
invalid request block size: 21573 (max 4096)...skip
invalid request block size: 21573 (max 4096)...skip
invalid request block size: 21573 (max 4096)...skip
invalid request block size: 21327 (max 4096)...skip
invalid request block size: 20047 (max 4096)...skip
-- unavailable modifier requested: 4 --
-- unavailable modifier requested: 3 --
invalid request block size: 21327 (max 4096)...skip
invalid request block size: 20047 (max 4096)...skip
-- unavailable modifier requested: 4 --
invalid request block size: 21573 (max 4096)...skip
-- unavailable modifier requested: 3 --
invalid request block size: 27938 (max 4096)...skip
Gracefully killing worker 3 (pid: 19950)...
Gracefully killing worker 2 (pid: 19949)...
Gracefully killing worker 3 (pid: 20650)...
Gracefully killing worker 4 (pid: 19951)...
Gracefully killing worker 4 (pid: 20651)...
Gracefully killing worker 1 (pid: 19948)...
